<?xml version="1.0" encoding="UTF-8"?>
<testsuite name="com.example.elec5619fitnesswebapp.service.GroupServiceTest" tests="3" skipped="0" failures="0" errors="0" timestamp="2023-10-29T05:30:02" hostname="DESKTOP-H7IFE0S" time="0.103">
  <properties/>
  <testcase name="saveTest()" classname="com.example.elec5619fitnesswebapp.service.GroupServiceTest" time="0.095"/>
  <testcase name="findallTest()" classname="com.example.elec5619fitnesswebapp.service.GroupServiceTest" time="0.003"/>
  <testcase name="editTest()" classname="com.example.elec5619fitnesswebapp.service.GroupServiceTest" time="0.002"/>
  <system-out><![CDATA[2023-10-29T16:30:02.626+11:00  INFO 25552 --- [    Test worker] t.c.s.AnnotationConfigContextLoaderUtils : Could not detect default configuration classes for test class [com.example.elec5619fitnesswebapp.service.GroupServiceTest]: GroupServiceTest does not declare any static, non-private, non-final, nested classes annotated with @Configuration.
2023-10-29T16:30:02.635+11:00  INFO 25552 --- [    Test worker] .b.t.c.SpringBootTestContextBootstrapper : Found @SpringBootConfiguration com.example.elec5619fitnesswebapp.Elec5619FitnessWebAppApplication for test class com.example.elec5619fitnesswebapp.service.GroupServiceTest
]]></system-out>
  <system-err><![CDATA[]]></system-err>
</testsuite>
