<?xml version="1.0" encoding="UTF-8"?>
<testsuite name="com.example.elec5619fitnesswebapp.controller.LogoutControllerTest" tests="1" skipped="0" failures="0" errors="0" timestamp="2023-10-29T05:30:02" hostname="DESKTOP-H7IFE0S" time="0.005">
  <properties/>
  <testcase name="logoutTest()" classname="com.example.elec5619fitnesswebapp.controller.LogoutControllerTest" time="0.005"/>
  <system-out><![CDATA[2023-10-29T16:30:02.183+11:00  INFO 25552 --- [    Test worker] t.c.s.AnnotationConfigContextLoaderUtils : Could not detect default configuration classes for test class [com.example.elec5619fitnesswebapp.controller.LogoutControllerTest]: LogoutControllerTest does not declare any static, non-private, non-final, nested classes annotated with @Configuration.
2023-10-29T16:30:02.188+11:00  INFO 25552 --- [    Test worker] .b.t.c.SpringBootTestContextBootstrapper : Found @SpringBootConfiguration com.example.elec5619fitnesswebapp.Elec5619FitnessWebAppApplication for test class com.example.elec5619fitnesswebapp.controller.LogoutControllerTest

  .   ____          _            __ _ _
 /\\ / ___'_ __ _ _(_)_ __  __ _ \ \ \ \
( ( )\___ | '_ | '_| | '_ \/ _` | \ \ \ \
 \\/  ___)| |_)| | | | | || (_| |  ) ) ) )
  '  |____| .__|_| |_|_| |_\__, | / / / /
 =========|_|==============|___/=/_/_/_/
 :: Spring Boot ::                (v3.1.3)

2023-10-29T16:30:02.211+11:00  INFO 25552 --- [    Test worker] c.e.e.controller.LogoutControllerTest    : Starting LogoutControllerTest using Java 17.0.4.1 with PID 25552 (started by User in D:\UNI\Yr4\Sem2\ELEC5619\Project\Code\elec5619-fitness-web-app)
2023-10-29T16:30:02.211+11:00  INFO 25552 --- [    Test worker] c.e.e.controller.LogoutControllerTest    : No active profile set, falling back to 1 default profile: "default"
2023-10-29T16:30:02.378+11:00  INFO 25552 --- [    Test worker] o.s.b.t.m.w.SpringBootMockServletContext : Initializing Spring TestDispatcherServlet ''
2023-10-29T16:30:02.378+11:00  INFO 25552 --- [    Test worker] o.s.t.web.servlet.TestDispatcherServlet  : Initializing Servlet ''
2023-10-29T16:30:02.378+11:00  INFO 25552 --- [    Test worker] o.s.t.web.servlet.TestDispatcherServlet  : Completed initialization in 0 ms
2023-10-29T16:30:02.381+11:00  INFO 25552 --- [    Test worker] c.e.e.controller.LogoutControllerTest    : Started LogoutControllerTest in 0.189 seconds (process running for 5.374)
]]></system-out>
  <system-err><![CDATA[]]></system-err>
</testsuite>
