<?xml version="1.0" encoding="UTF-8"?>
<testsuite name="com.example.elec5619fitnesswebapp.controller.LoginControllerTest" tests="2" skipped="0" failures="0" errors="0" timestamp="2023-10-29T05:30:02" hostname="DESKTOP-H7IFE0S" time="0.096">
  <properties/>
  <testcase name="loginGetTest()" classname="com.example.elec5619fitnesswebapp.controller.LoginControllerTest" time="0.078"/>
  <testcase name="loginPostValidTest()" classname="com.example.elec5619fitnesswebapp.controller.LoginControllerTest" time="0.016"/>
  <system-out><![CDATA[2023-10-29T16:30:01.626+11:00  INFO 25552 --- [    Test worker] t.c.s.AnnotationConfigContextLoaderUtils : Could not detect default configuration classes for test class [com.example.elec5619fitnesswebapp.controller.LoginControllerTest]: LoginControllerTest does not declare any static, non-private, non-final, nested classes annotated with @Configuration.
2023-10-29T16:30:01.646+11:00  INFO 25552 --- [    Test worker] .b.t.c.SpringBootTestContextBootstrapper : Found @SpringBootConfiguration com.example.elec5619fitnesswebapp.Elec5619FitnessWebAppApplication for test class com.example.elec5619fitnesswebapp.controller.LoginControllerTest

  .   ____          _            __ _ _
 /\\ / ___'_ __ _ _(_)_ __  __ _ \ \ \ \
( ( )\___ | '_ | '_| | '_ \/ _` | \ \ \ \
 \\/  ___)| |_)| | | | | || (_| |  ) ) ) )
  '  |____| .__|_| |_|_| |_\__, | / / / /
 =========|_|==============|___/=/_/_/_/
 :: Spring Boot ::                (v3.1.3)

2023-10-29T16:30:01.662+11:00  INFO 25552 --- [    Test worker] c.e.e.controller.LoginControllerTest     : Starting LoginControllerTest using Java 17.0.4.1 with PID 25552 (started by User in D:\UNI\Yr4\Sem2\ELEC5619\Project\Code\elec5619-fitness-web-app)
2023-10-29T16:30:01.663+11:00  INFO 25552 --- [    Test worker] c.e.e.controller.LoginControllerTest     : No active profile set, falling back to 1 default profile: "default"
2023-10-29T16:30:02.062+11:00  INFO 25552 --- [    Test worker] o.s.b.t.m.w.SpringBootMockServletContext : Initializing Spring TestDispatcherServlet ''
2023-10-29T16:30:02.063+11:00  INFO 25552 --- [    Test worker] o.s.t.web.servlet.TestDispatcherServlet  : Initializing Servlet ''
2023-10-29T16:30:02.065+11:00  INFO 25552 --- [    Test worker] o.s.t.web.servlet.TestDispatcherServlet  : Completed initialization in 1 ms
2023-10-29T16:30:02.072+11:00  INFO 25552 --- [    Test worker] c.e.e.controller.LoginControllerTest     : Started LoginControllerTest in 0.424 seconds (process running for 5.066)
]]></system-out>
  <system-err><![CDATA[]]></system-err>
</testsuite>
