<?xml version="1.0" encoding="UTF-8"?>
<testsuite name="com.example.elec5619fitnesswebapp.Elec5619FitnessWebAppApplicationTests" tests="1" skipped="0" failures="0" errors="0" timestamp="2023-10-29T05:30:01" hostname="DESKTOP-H7IFE0S" time="0.36">
  <properties/>
  <testcase name="contextLoads()" classname="com.example.elec5619fitnesswebapp.Elec5619FitnessWebAppApplicationTests" time="0.36"/>
  <system-out><![CDATA[16:29:57.704 [Test worker] INFO org.springframework.test.context.support.AnnotationConfigContextLoaderUtils -- Could not detect default configuration classes for test class [com.example.elec5619fitnesswebapp.Elec5619FitnessWebAppApplicationTests]: Elec5619FitnessWebAppApplicationTests does not declare any static, non-private, non-final, nested classes annotated with @Configuration.
16:29:57.772 [Test worker] INFO org.springframework.boot.test.context.SpringBootTestContextBootstrapper -- Found @SpringBootConfiguration com.example.elec5619fitnesswebapp.Elec5619FitnessWebAppApplication for test class com.example.elec5619fitnesswebapp.Elec5619FitnessWebAppApplicationTests

  .   ____          _            __ _ _
 /\\ / ___'_ __ _ _(_)_ __  __ _ \ \ \ \
( ( )\___ | '_ | '_| | '_ \/ _` | \ \ \ \
 \\/  ___)| |_)| | | | | || (_| |  ) ) ) )
  '  |____| .__|_| |_|_| |_\__, | / / / /
 =========|_|==============|___/=/_/_/_/
 :: Spring Boot ::                (v3.1.3)

2023-10-29T16:29:58.011+11:00  INFO 25552 --- [    Test worker] .e.Elec5619FitnessWebAppApplicationTests : Starting Elec5619FitnessWebAppApplicationTests using Java 17.0.4.1 with PID 25552 (started by User in D:\UNI\Yr4\Sem2\ELEC5619\Project\Code\elec5619-fitness-web-app)
2023-10-29T16:29:58.012+11:00  INFO 25552 --- [    Test worker] .e.Elec5619FitnessWebAppApplicationTests : No active profile set, falling back to 1 default profile: "default"
2023-10-29T16:29:58.448+11:00  INFO 25552 --- [    Test worker] .s.d.r.c.RepositoryConfigurationDelegate : Bootstrapping Spring Data JPA repositories in DEFAULT mode.
2023-10-29T16:29:58.500+11:00  INFO 25552 --- [    Test worker] .s.d.r.c.RepositoryConfigurationDelegate : Finished Spring Data repository scanning in 45 ms. Found 12 JPA repository interfaces.
2023-10-29T16:29:58.564+11:00  WARN 25552 --- [    Test worker] o.m.s.mapper.ClassPathMapperScanner      : No MyBatis mapper was found in '[com.example.elec5619fitnesswebapp]' package. Please check your configuration.
2023-10-29T16:29:58.795+11:00  INFO 25552 --- [    Test worker] o.hibernate.jpa.internal.util.LogHelper  : HHH000204: Processing PersistenceUnitInfo [name: default]
2023-10-29T16:29:58.837+11:00  INFO 25552 --- [    Test worker] org.hibernate.Version                    : HHH000412: Hibernate ORM core version 6.2.7.Final
2023-10-29T16:29:58.839+11:00  INFO 25552 --- [    Test worker] org.hibernate.cfg.Environment            : HHH000406: Using bytecode reflection optimizer
2023-10-29T16:29:58.936+11:00  INFO 25552 --- [    Test worker] o.h.b.i.BytecodeProviderInitiator        : HHH000021: Bytecode provider name : bytebuddy
2023-10-29T16:29:59.031+11:00  INFO 25552 --- [    Test worker] o.s.o.j.p.SpringPersistenceUnitInfo      : No LoadTimeWeaver setup: ignoring JPA class transformer
2023-10-29T16:29:59.043+11:00  INFO 25552 --- [    Test worker] com.zaxxer.hikari.HikariDataSource       : HikariPool-1 - Starting...
2023-10-29T16:29:59.337+11:00  INFO 25552 --- [    Test worker] com.zaxxer.hikari.pool.HikariPool        : HikariPool-1 - Added connection com.mysql.cj.jdbc.ConnectionImpl@6f7a20da
2023-10-29T16:29:59.339+11:00  INFO 25552 --- [    Test worker] com.zaxxer.hikari.HikariDataSource       : HikariPool-1 - Start completed.
2023-10-29T16:29:59.560+11:00  INFO 25552 --- [    Test worker] o.h.b.i.BytecodeProviderInitiator        : HHH000021: Bytecode provider name : bytebuddy
2023-10-29T16:30:00.067+11:00  INFO 25552 --- [    Test worker] o.h.e.t.j.p.i.JtaPlatformInitiator       : HHH000490: Using JtaPlatform implementation: [org.hibernate.engine.transaction.jta.platform.internal.NoJtaPlatform]
2023-10-29T16:30:00.196+11:00  INFO 25552 --- [    Test worker] j.LocalContainerEntityManagerFactoryBean : Initialized JPA EntityManagerFactory for persistence unit 'default'
2023-10-29T16:30:00.445+11:00  INFO 25552 --- [    Test worker] o.s.d.j.r.query.QueryEnhancerFactory     : Hibernate is in classpath; If applicable, HQL parser will be used.
2023-10-29T16:30:00.669+11:00  WARN 25552 --- [    Test worker] JpaBaseConfiguration$JpaWebConfiguration : spring.jpa.open-in-view is enabled by default. Therefore, database queries may be performed during view rendering. Explicitly configure spring.jpa.open-in-view to disable this warning
2023-10-29T16:30:01.249+11:00  INFO 25552 --- [    Test worker] .e.Elec5619FitnessWebAppApplicationTests : Started Elec5619FitnessWebAppApplicationTests in 3.377 seconds (process running for 4.242)
]]></system-out>
  <system-err><![CDATA[]]></system-err>
</testsuite>
