<?xml version="1.0" encoding="UTF-8"?>
<testsuite name="com.example.elec5619fitnesswebapp.controller.ProfileControllerTest" tests="5" skipped="0" failures="0" errors="0" timestamp="2023-10-29T05:30:02" hostname="DESKTOP-H7IFE0S" time="0.026">
  <properties/>
  <testcase name="changePlanDateTest()" classname="com.example.elec5619fitnesswebapp.controller.ProfileControllerTest" time="0.009"/>
  <testcase name="workoutPlanTest()" classname="com.example.elec5619fitnesswebapp.controller.ProfileControllerTest" time="0.004"/>
  <testcase name="profileTest()" classname="com.example.elec5619fitnesswebapp.controller.ProfileControllerTest" time="0.003"/>
  <testcase name="personalTrackerTest()" classname="com.example.elec5619fitnesswebapp.controller.ProfileControllerTest" time="0.003"/>
  <testcase name="changeStepDateTest()" classname="com.example.elec5619fitnesswebapp.controller.ProfileControllerTest" time="0.002"/>
  <system-out><![CDATA[2023-10-29T16:30:02.392+11:00  INFO 25552 --- [    Test worker] t.c.s.AnnotationConfigContextLoaderUtils : Could not detect default configuration classes for test class [com.example.elec5619fitnesswebapp.controller.ProfileControllerTest]: ProfileControllerTest does not declare any static, non-private, non-final, nested classes annotated with @Configuration.
2023-10-29T16:30:02.396+11:00  INFO 25552 --- [    Test worker] .b.t.c.SpringBootTestContextBootstrapper : Found @SpringBootConfiguration com.example.elec5619fitnesswebapp.Elec5619FitnessWebAppApplication for test class com.example.elec5619fitnesswebapp.controller.ProfileControllerTest

  .   ____          _            __ _ _
 /\\ / ___'_ __ _ _(_)_ __  __ _ \ \ \ \
( ( )\___ | '_ | '_| | '_ \/ _` | \ \ \ \
 \\/  ___)| |_)| | | | | || (_| |  ) ) ) )
  '  |____| .__|_| |_|_| |_\__, | / / / /
 =========|_|==============|___/=/_/_/_/
 :: Spring Boot ::                (v3.1.3)

2023-10-29T16:30:02.412+11:00  INFO 25552 --- [    Test worker] c.e.e.controller.ProfileControllerTest   : Starting ProfileControllerTest using Java 17.0.4.1 with PID 25552 (started by User in D:\UNI\Yr4\Sem2\ELEC5619\Project\Code\elec5619-fitness-web-app)
2023-10-29T16:30:02.413+11:00  INFO 25552 --- [    Test worker] c.e.e.controller.ProfileControllerTest   : No active profile set, falling back to 1 default profile: "default"
2023-10-29T16:30:02.591+11:00  INFO 25552 --- [    Test worker] o.s.b.t.m.w.SpringBootMockServletContext : Initializing Spring TestDispatcherServlet ''
2023-10-29T16:30:02.591+11:00  INFO 25552 --- [    Test worker] o.s.t.web.servlet.TestDispatcherServlet  : Initializing Servlet ''
2023-10-29T16:30:02.591+11:00  INFO 25552 --- [    Test worker] o.s.t.web.servlet.TestDispatcherServlet  : Completed initialization in 0 ms
2023-10-29T16:30:02.594+11:00  INFO 25552 --- [    Test worker] c.e.e.controller.ProfileControllerTest   : Started ProfileControllerTest in 0.195 seconds (process running for 5.587)
]]></system-out>
  <system-err><![CDATA[]]></system-err>
</testsuite>
